<?xml version="1.0" encoding="UTF-8"?>
<!-- Generated by org.testng.reporters.JUnitReportReporter -->
<testsuite hostname="WKWIN0038129" failures="0" tests="2" name="Beginmaven.AppiumTet" time="0.009" errors="0" timestamp="2020-09-23T09:33:25 IST" skipped="0">
  <testcase classname="Beginmaven.AppiumTet" name="android" time="0.008"/>
  <system-out/>
  <testcase classname="Beginmaven.AppiumTet" name="ios" time="0.001"/>
  <system-out/>
</testsuite> <!-- Beginmaven.AppiumTet -->
