<?xml version="1.0" encoding="UTF-8"?>
<!-- Generated by org.testng.reporters.JUnitReportReporter -->
<testsuite hostname="WKWIN0038129" failures="0" tests="2" name="Beginmaven.SeleniumTest" time="0.003" errors="0" timestamp="2020-09-23T10:01:28 IST" skipped="0">
  <testcase classname="Beginmaven.SeleniumTest" name="elementsui" time="0.000"/>
  <system-out/>
  <testcase classname="Beginmaven.SeleniumTest" name="browserautomation" time="0.003"/>
  <system-out/>
</testsuite> <!-- Beginmaven.SeleniumTest -->
