<?xml version="1.0" encoding="UTF-8"?>
<!-- Generated by org.testng.reporters.JUnitReportReporter -->
<testsuite hostname="WKWIN0038129" failures="0" tests="1" name="Beginmaven.AppTest" time="0.003" errors="0" timestamp="2020-09-23T10:00:03 IST" skipped="0">
  <testcase classname="Beginmaven.AppTest" name="shouldAnswerWithTrue" time="0.003"/>
  <system-out/>
</testsuite> <!-- Beginmaven.AppTest -->
